<?xml version="1.0" encoding="UTF-8"?>
<!-- Generated by org.testng.reporters.JUnitXMLReporter -->
<testsuite hostname="HP-PCTDFHGJ" ignored="0" name="Test" tests="2" failures="1" timestamp="2022-12-27T21:05:41 IST" time="28.193" errors="0">
  <testcase name="validateOrangeHRMLogoOnLoginPage" time="0.052" classname="com.orangehrm.hybdridframework.testcases.LoginTC_01"/>
  <testcase name="loginTC_01" time="3.766" classname="com.orangehrm.hybdridframework.testcases.LoginTC_01">
    <failure type="java.lang.AssertionError" message="expected [true] but found [false]">
      <![CDATA[java.lang.AssertionError: expected [true] but found [false]
at com.orangehrm.hybdridframework.pageobject.LoginPage.clickOnLoginBtn(LoginPage.java:64)
at com.orangehrm.hybdridframework.testcases.LoginTC_01.loginTC_01(LoginTC_01.java:27)
at java.util.ArrayList.forEach(ArrayList.java:1259)
... Removed 31 stack frames]]>
    </failure>
  </testcase> <!-- loginTC_01 -->
</testsuite> <!-- Test -->
