<?xml version="1.0" encoding="UTF-8"?>
<!-- Generated by org.testng.reporters.JUnitXMLReporter -->
<testsuite hostname="HP-PCTDFHGJ" ignored="1" name="Default test" tests="1" failures="0" timestamp="2023-01-12T09:38:29 IST" time="19.099" errors="0">
  <testcase name="loginTC_01" time="4.371" classname="com.orangehrm.hybdridframework.testcases.LoginTC_01"/>
  <testcase name="validateOrangeHRMLogoOnLoginPage" time="0.0" classname="com.orangehrm.hybdridframework.testcases.LoginTC_01">
    <ignored/>
  </testcase> <!-- validateOrangeHRMLogoOnLoginPage -->
</testsuite> <!-- Default test -->
